Magnet_703_21:Magnet_703_44:0.00849243
Magnet_703_21:Magnet_703_45:0.00911237
Magnet_703_21:Magnet_703_46:0.0111251
Magnet_703_21:Magnet_703_0:0.011485
Magnet_703_21:Magnet_703_12:0.00696008
Magnet_703_21:Magnet_703_18:0.0160247
Magnet_703_22:Magnet_703_72:0.000260986
Magnet_703_22:Magnet_726_11:0.000605671
Magnet_703_22:Magnet_703_25:0.00840893
Magnet_703_22:Magnet_703_3:0.00871476
Magnet_703_22:Magnet_703_60:0.00944779
Magnet_703_22:Magnet_703_65:0.0112129
Magnet_703_22:Magnet_726_16:0.0131348
Magnet_703_22:Magnet_703_70:0.0209853
Magnet_703_22:Magnet_726_8:0.0215729
Magnet_703_36:Magnet_703_8:0.00840365
Magnet_703_36:Magnet_703_2:0.0166943
Magnet_703_36:Magnet_703_3:0.0185747
Magnet_703_36:Magnet_703_60:0.0193325
Magnet_703_36:Magnet_703_65:0.0196452
Magnet_703_36:Magnet_703_38:0.0217248
Magnet_703_66:Magnet_703_54:0.00840365
Magnet_703_66:Magnet_703_29:0.010284
Magnet_703_66:Magnet_703_43:0.0185747
Magnet_703_66:Magnet_726_22:0.0193325
Magnet_703_66:Magnet_726_5:0.0196107
Magnet_703_72:Magnet_703_22:0.000304358
Magnet_703_72:Magnet_703_11:0.000946244
Magnet_703_72:Magnet_703_25:0.00192585
Magnet_703_72:Magnet_703_3:0.00134692
Magnet_703_72:Magnet_703_78:-0.00456707
Magnet_703_72:Magnet_703_27:-0.00642803
Magnet_703_72:Magnet_703_60:-0.00828884
Magnet_703_72:Magnet_703_65:-0.013109
Magnet_703_72:Magnet_726_16:-0.0124677
Magnet_703_72:Magnet_703_70:-0.0215298
Magnet_703_72:Magnet_726_21:-0.0221776
Magnet_703_75:Magnet_703_11:0.00908166
Magnet_703_75:Magnet_703_12:0.00456307
Magnet_703_75:Magnet_703_63:0.0137527
Magnet_703_8:Magnet_703_36:0.00712251
Magnet_703_8:Magnet_703_2:0.00904434
Magnet_703_8:Magnet_703_3:0.0097008
Magnet_703_8:Magnet_703_60:0.0100455
Magnet_703_8:Magnet_703_38:0.0181802
Magnet_713_1:Magnet_729_0:0.00712251
Magnet_713_1:Magnet_728_1:0.00904434
Magnet_713_1:Magnet_728_3:0.0097008
Magnet_713_1:Magnet_727_11:0.0100455
Magnet_713_1:Magnet_722:0.0181802
Magnet_713_9:Magnet_729_1:0.00712251
Magnet_713_9:Magnet_728_0:0.00904434
Magnet_713_9:Magnet_728_2:0.0097008
Magnet_713_9:Magnet_727_13:0.0100455
Magnet_713_9:Magnet_721:0.0181802
Magnet_726_11:Magnet_703_22:0.000344996
Magnet_726_11:Magnet_703_25:0.00107802
Magnet_726_11:Magnet_726_20:-0.00670591
Magnet_726_11:Magnet_726_2:-0.00640017
Magnet_726_11:Magnet_726_16:-0.00447667
Magnet_726_11:Magnet_726_25:-0.00387754
Magnet_726_11:Magnet_726_9:-0.0038308
Magnet_726_11:Magnet_726_12:-0.00340972
Magnet_726_11:Magnet_726_8:0.00336263
Magnet_726_15:Magnet_703_45:0.000263106
Magnet_726_15:Magnet_726_13:-0.00752083
Magnet_726_15:Magnet_703_0:-0.0067878
Magnet_726_15:Magnet_726_0:-0.00674107
Magnet_726_15:Magnet_726_26:-0.00614193
Magnet_726_15:Magnet_726_18:-0.00421843
Magnet_726_15:Magnet_726_1:-0.00379735
Magnet_726_15:Magnet_726_6:0.002975
Magnet_726_17:Magnet_703_78:0.000344996
Magnet_726_17:Magnet_726_13:-0.00629865
Magnet_726_17:Magnet_726_3:-0.00599291
Magnet_726_17:Magnet_703_27:-0.00525989
Magnet_726_17:Magnet_726_0:-0.009788
Magnet_726_17:Magnet_726_26:-0.0110395
Magnet_726_17:Magnet_726_1:-0.0114826
Magnet_726_17:Magnet_726_21:-0.00955911
Magnet_726_17:Magnet_726_7:-0.00278677
Magnet_726_23:Magnet_703_29:0.000656151
Magnet_726_23:Magnet_703_43:0.00100115
Magnet_726_23:Magnet_726_20:-0.0056425
Magnet_726_23:Magnet_726_22:-0.003719
Magnet_726_23:Magnet_726_25:-0.00497055
Magnet_726_23:Magnet_726_9:-0.00949866
Magnet_726_23:Magnet_726_12:-0.00994173
Magnet_726_23:Magnet_726_5:-0.00316938
Magnet_726_24:Magnet_726_20:0.000301564
Magnet_726_24:Magnet_726_2:-0.00758296
Magnet_726_24:Magnet_726_25:-0.0061226
Magnet_726_24:Magnet_726_9:-0.00553415
Magnet_726_24:Magnet_726_12:0.000506688
Magnet_726_4:Magnet_726_13:0.000301564
Magnet_726_4:Magnet_726_3:-0.00754311
Magnet_726_4:Magnet_726_0:-0.00695466
Magnet_726_4:Magnet_726_26:-0.0054943
Magnet_726_4:Magnet_726_1:0.000546536
Magnet_727_1:Magnet_727_0:-0.00778394
Magnet_727_1:Magnet_728_3:-0.0074781
Magnet_727_1:Magnet_727_11:-0.00674508
Magnet_727_1:Magnet_727_8:-0.00669834
Magnet_727_1:Magnet_727_5:-0.00477483
Magnet_727_1:Magnet_727_6:-0.0041757
Magnet_727_1:Magnet_727_7:0.00259664
Magnet_727_2:Magnet_727_0:-0.00664365
Magnet_727_2:Magnet_728_2:-0.00633782
Magnet_727_2:Magnet_727_13:-0.00560479
Magnet_727_2:Magnet_727_8:-0.0101329
Magnet_727_2:Magnet_727_3:-0.00336055
Magnet_727_2:Magnet_727_4:-0.00143705
Magnet_727_2:Magnet_727_6:-0.0026886
Magnet_729_0:Magnet_713_1:0.00840365
Magnet_729_0:Magnet_728_1:0.0166943
Magnet_729_0:Magnet_728_3:0.0185747
Magnet_729_0:Magnet_727_11:0.0193325
Magnet_729_0:Magnet_727_5:0.0196851
Magnet_729_0:Magnet_722:0.0217647
Magnet_729_1:Magnet_713_9:0.00840365
Magnet_729_1:Magnet_728_0:0.0166943
Magnet_729_1:Magnet_728_2:0.0185747
Magnet_729_1:Magnet_727_13:0.0193325
Magnet_729_1:Magnet_727_4:0.0196851
Magnet_729_1:Magnet_721:0.0217647
Magnet_703_11:Magnet_703_72:0.00055562
Magnet_703_11:Magnet_703_75:0.0064292
Magnet_703_11:Magnet_703_78:0.00677389
Magnet_703_11:Magnet_703_12:-0.00111064
Magnet_703_11:Magnet_703_63:0.00085359
Magnet_703_25:Magnet_703_22:0.00785052
Magnet_703_25:Magnet_703_72:0.00869928
Magnet_703_25:Magnet_726_11:0.00943232
Magnet_703_25:Magnet_726_20:0.00997627
Magnet_703_25:Magnet_703_60:0.0103213
Magnet_703_25:Magnet_703_65:0.0109774
Magnet_703_25:Magnet_726_16:0.0187807
Magnet_703_25:Magnet_703_70:0.0207042
Magnet_703_25:Magnet_726_8:0.022302
Magnet_703_29:Magnet_703_54:0.000758379
Magnet_703_29:Magnet_703_66:0.00263559
Magnet_703_29:Magnet_726_23:0.00339344
Magnet_703_29:Magnet_703_43:0.0117971
Magnet_703_29:Magnet_726_20:0.0112435
Magnet_703_29:Magnet_726_22:0.0195341
Magnet_703_29:Magnet_726_5:0.0212453
Magnet_703_2:Magnet_703_36:0.00724031
Magnet_703_2:Magnet_703_8:0.00916382
Magnet_703_2:Magnet_703_3:0.0162863
Magnet_703_2:Magnet_703_60:0.0182082
Magnet_703_2:Magnet_703_65:0.0188646
Magnet_703_2:Magnet_703_70:0.0192093
Magnet_703_2:Magnet_703_38:0.0199441
Magnet_703_3:Magnet_703_22:0.000352602
Magnet_703_3:Magnet_703_36:0.00222981
Magnet_703_3:Magnet_703_72:0.00165104
Magnet_703_3:Magnet_703_8:0.00240942
Magnet_703_3:Magnet_703_2:0.0108131
Magnet_703_3:Magnet_703_60:0.0191037
Magnet_703_3:Magnet_703_65:0.0209841
Magnet_703_3:Magnet_703_70:0.0217419
Magnet_703_3:Magnet_703_38:0.0220917
Magnet_703_43:Magnet_703_54:0.0019235
Magnet_703_43:Magnet_703_66:0.00916382
Magnet_703_43:Magnet_726_23:0.0095085
Magnet_703_43:Magnet_703_29:0.016631
Magnet_703_43:Magnet_726_22:0.0185528
Magnet_703_43:Magnet_726_5:0.0191405
Magnet_703_44:Magnet_703_21:0.00572237
Magnet_703_44:Magnet_703_45:0.00728096
Magnet_703_44:Magnet_703_46:0.0144035
Magnet_703_44:Magnet_703_0:0.0151365
Magnet_703_44:Magnet_703_12:0.0135241
Magnet_703_44:Magnet_703_18:0.0154476
Magnet_703_44:Magnet_726_18:0.0157923
Magnet_703_45:Magnet_703_21:0.000564013
Magnet_703_45:Magnet_726_15:0.000923571
Magnet_703_45:Magnet_703_44:0.00305906
Magnet_703_45:Magnet_703_46:0.0120701
Magnet_703_45:Magnet_703_0:0.0208438
Magnet_703_45:Magnet_703_18:0.0212037
Magnet_703_45:Magnet_726_18:0.0233297
Magnet_703_45:Magnet_726_6:0.0239616
Magnet_703_46:Magnet_703_21:0.00155102
Magnet_703_46:Magnet_703_44:0.00995467
Magnet_703_46:Magnet_703_45:0.0175186
Magnet_703_46:Magnet_703_0:0.0195554
Magnet_703_46:Magnet_703_12:0.0189764
Magnet_703_46:Magnet_703_18:0.0197348
Magnet_703_46:Magnet_726_18:0.0204927
Magnet_703_46:Magnet_726_6:0.0207708
Magnet_703_78:Magnet_703_72:-0.00512403
Magnet_703_78:Magnet_726_17:-0.00477935
Magnet_703_78:Magnet_703_11:-0.00443435
Magnet_703_78:Magnet_703_27:0.00336891
Magnet_703_78:Magnet_726_21:0.00529074
Magnet_703_78:Magnet_726_7:0.00587838
Magnet_726_13:Magnet_726_15:-0.00945765
Magnet_726_13:Magnet_726_17:-0.0175038
Magnet_726_13:Magnet_726_4:-0.0171379
Magnet_726_13:Magnet_703_0:-0.0164773
Magnet_726_13:Magnet_703_27:-0.0171301
Magnet_726_13:Magnet_726_0:-0.00841049
Magnet_726_13:Magnet_726_26:-0.00675145
Magnet_726_13:Magnet_726_18:-0.00572473
Magnet_726_13:Magnet_726_1:-0.00515407
Magnet_726_13:Magnet_726_21:-0.00697865
Magnet_726_13:Magnet_726_6:-0.00712009
Magnet_726_13:Magnet_726_7:-0.0109585
Magnet_726_20:Magnet_726_11:-0.00945765
Magnet_726_20:Magnet_726_23:-0.0175038
Magnet_726_20:Magnet_726_24:-0.0171379
Magnet_726_20:Magnet_703_25:-0.0164773
Magnet_726_20:Magnet_703_29:-0.0170592
Magnet_726_20:Magnet_726_16:-0.0160324
Magnet_726_20:Magnet_726_22:-0.017857
Magnet_726_20:Magnet_726_25:-0.016198
Magnet_726_20:Magnet_726_9:-0.00747834
Magnet_726_20:Magnet_726_12:-0.00690768
Magnet_726_20:Magnet_726_5:-0.0107461
Magnet_726_20:Magnet_726_8:-0.0108876
Magnet_726_2:Magnet_726_11:0.000352551
Magnet_726_2:Magnet_726_24:-0.00870949
Magnet_726_2:Magnet_726_14:-0.0139923
Magnet_726_2:Magnet_726_25:-0.0152909
Magnet_726_2:Magnet_726_9:-0.015805
Magnet_726_2:Magnet_726_10:-0.0200135
Magnet_726_2:Magnet_726_12:-0.0234916
Magnet_726_2:Magnet_726_19:-0.024756
Magnet_726_3:Magnet_726_17:0.000352551
Magnet_726_3:Magnet_726_4:-0.00871073
Magnet_726_3:Magnet_726_0:-0.00823106
Magnet_726_3:Magnet_726_14:-0.0146171
Magnet_726_3:Magnet_726_26:-0.0140513
Magnet_726_3:Magnet_726_10:-0.0142177
Magnet_726_3:Magnet_726_19:-0.0136593
Magnet_726_3:Magnet_726_1:-0.0138912
Magnet_727_0:Magnet_727_1:-0.00945765
Magnet_727_0:Magnet_727_2:-0.0175038
Magnet_727_0:Magnet_727_11:-0.0168432
Magnet_727_0:Magnet_727_13:-0.017496
Magnet_727_0:Magnet_727_8:-0.00877639
Magnet_727_0:Magnet_727_3:-0.0126148
Magnet_727_0:Magnet_727_4:-0.0144394
Magnet_727_0:Magnet_727_5:-0.0134127
Magnet_727_0:Magnet_727_6:-0.0117537
Magnet_727_0:Magnet_727_7:-0.0118951
Magnet_728_0:Magnet_713_9:0.0019235
Magnet_728_0:Magnet_729_1:0.00916382
Magnet_728_0:Magnet_728_2:0.0162863
Magnet_728_0:Magnet_727_13:0.0182082
Magnet_728_0:Magnet_727_3:0.0184802
Magnet_728_0:Magnet_727_4:0.0192133
Magnet_728_0:Magnet_721:0.019948
Magnet_728_1:Magnet_713_1:0.0019235
Magnet_728_1:Magnet_729_0:0.00916382
Magnet_728_1:Magnet_728_3:0.0162863
Magnet_728_1:Magnet_727_11:0.0182082
Magnet_728_1:Magnet_727_5:0.0189412
Magnet_728_1:Magnet_727_7:0.0192133
Magnet_728_1:Magnet_722:0.019948
Magnet_728_2:Magnet_713_9:0.000758379
Magnet_728_2:Magnet_727_2:0.00111098
Magnet_728_2:Magnet_729_1:0.00298819
Magnet_728_2:Magnet_728_0:0.0113918
Magnet_728_2:Magnet_727_13:0.0196825
Magnet_728_2:Magnet_727_3:0.0202925
Magnet_728_2:Magnet_727_4:0.0223293
Magnet_728_2:Magnet_721:0.0226791
Magnet_728_3:Magnet_713_1:0.000758379
Magnet_728_3:Magnet_727_1:0.00111098
Magnet_728_3:Magnet_729_0:0.00298819
Magnet_728_3:Magnet_728_1:0.0113918
Magnet_728_3:Magnet_727_11:0.0196825
Magnet_728_3:Magnet_727_5:0.0217193
Magnet_728_3:Magnet_727_7:0.0223293
Magnet_728_3:Magnet_722:0.0226791
Magnet_703_0:Magnet_703_21:0.000239918
Magnet_703_0:Magnet_726_15:0.000972956
Magnet_703_0:Magnet_703_44:0.00170598
Magnet_703_0:Magnet_703_45:0.00816307
Magnet_703_0:Magnet_703_46:0.00992822
Magnet_703_0:Magnet_726_13:0.0104722
Magnet_703_0:Magnet_726_18:0.0182754
Magnet_703_0:Magnet_726_6:0.0198732
Magnet_703_12:Magnet_703_21:-0.00347885
Magnet_703_12:Magnet_703_75:-0.00685687
Magnet_703_12:Magnet_703_11:-0.0159189
Magnet_703_12:Magnet_703_44:-0.0177799
Magnet_703_12:Magnet_703_46:-0.0183586
Magnet_703_12:Magnet_703_18:-0.0274219
Magnet_703_12:Magnet_703_63:-0.029231
Magnet_703_27:Magnet_703_72:-0.00161238
Magnet_703_27:Magnet_726_17:-0.000879346
Magnet_703_27:Magnet_703_78:0.00697118
Magnet_703_27:Magnet_726_13:0.00643259
Magnet_703_27:Magnet_726_21:0.0142358
Magnet_703_27:Magnet_726_7:0.0158337
Magnet_703_60:Magnet_703_22:0.000733038
Magnet_703_60:Magnet_703_36:0.00138919
Magnet_703_60:Magnet_703_72:-0.000223608
Magnet_703_60:Magnet_703_8:0.000121388
Magnet_703_60:Magnet_703_25:0.000466073
Magnet_703_60:Magnet_703_2:0.00238958
Magnet_703_60:Magnet_703_3:0.00962989
Magnet_703_60:Magnet_703_65:0.0167524
Magnet_703_60:Magnet_703_70:0.0186742
Magnet_703_65:Magnet_703_22:0.00203678
Magnet_703_65:Magnet_703_36:0.00234993
Magnet_703_65:Magnet_703_72:-0.00247689
Magnet_703_65:Magnet_703_25:-0.00171903
Magnet_703_65:Magnet_703_2:-0.000960656
Magnet_703_65:Magnet_703_3:0.00091655
Magnet_703_65:Magnet_703_60:0.0093202
Magnet_703_65:Magnet_726_16:0.0096728
Magnet_703_65:Magnet_703_70:0.0179635
Magnet_726_0:Magnet_726_15:6.32343e-05
Magnet_726_0:Magnet_726_17:-0.00582701
Magnet_726_0:Magnet_726_4:-0.00506
Magnet_726_0:Magnet_726_13:0.00434349
Magnet_726_0:Magnet_726_3:0.00488594
Magnet_726_0:Magnet_726_26:0.0129446
Magnet_726_0:Magnet_726_18:0.013588
Magnet_726_0:Magnet_726_1:0.0152032
Magnet_726_0:Magnet_726_21:0.0145344
Magnet_726_0:Magnet_726_6:0.0151937
Magnet_726_0:Magnet_726_7:0.0136689
Magnet_726_14:Magnet_726_2:-0.0055318
Magnet_726_14:Magnet_726_3:-0.0122684
Magnet_726_14:Magnet_726_10:-0.00324676
Magnet_726_14:Magnet_726_19:-0.00157118
Magnet_726_16:Magnet_703_22:0.0019235
Magnet_726_16:Magnet_703_72:0.00247972
Magnet_726_16:Magnet_726_11:0.00440155
Magnet_726_16:Magnet_703_25:0.0122521
Magnet_726_16:Magnet_726_20:0.0130976
Magnet_726_16:Magnet_703_65:0.0134034
Magnet_726_16:Magnet_726_9:0.0138975
Magnet_726_16:Magnet_703_70:0.0146305
Magnet_726_16:Magnet_726_8:0.0210317
Magnet_726_22:Magnet_703_54:0.000344996
Magnet_726_22:Magnet_703_66:0.00100115
Magnet_726_22:Magnet_726_23:0.00292298
Magnet_726_22:Magnet_703_29:0.0101633
Magnet_726_22:Magnet_703_43:0.0120868
Magnet_726_22:Magnet_726_20:0.0105821
Magnet_726_22:Magnet_726_9:0.0100692
Magnet_726_22:Magnet_726_5:0.0164704
Magnet_726_25:Magnet_726_11:0.000900075
Magnet_726_25:Magnet_726_23:-0.000976756
Magnet_726_25:Magnet_726_24:0.0012206
Magnet_726_25:Magnet_726_20:0.00327234
Magnet_726_25:Magnet_726_2:0.00158351
Magnet_726_25:Magnet_726_9:0.0108453
Magnet_726_25:Magnet_726_12:0.0198119
Magnet_726_25:Magnet_726_5:0.0192716
Magnet_726_25:Magnet_726_8:0.0197505
Magnet_726_26:Magnet_726_15:0.000900075
Magnet_726_26:Magnet_726_17:-0.000976756
Magnet_726_26:Magnet_726_4:0.0012206
Magnet_726_26:Magnet_726_13:0.00327234
Magnet_726_26:Magnet_726_3:0.00400686
Magnet_726_26:Magnet_726_0:0.0132687
Magnet_726_26:Magnet_726_1:0.0222353
Magnet_726_26:Magnet_726_6:0.0227142
Magnet_726_26:Magnet_726_7:0.0221738
Magnet_726_9:Magnet_726_11:6.32343e-05
Magnet_726_9:Magnet_726_23:-0.00582701
Magnet_726_9:Magnet_726_24:-0.00506
Magnet_726_9:Magnet_726_20:0.00434349
Magnet_726_9:Magnet_726_2:0.00376267
Magnet_726_9:Magnet_726_16:0.00440603
Magnet_726_9:Magnet_726_22:0.00373716
Magnet_726_9:Magnet_726_25:0.0117959
Magnet_726_9:Magnet_726_12:0.0134111
Magnet_726_9:Magnet_726_5:0.0118864
Magnet_726_9:Magnet_726_8:0.0125457
Magnet_727_11:Magnet_713_1:0.000344996
Magnet_727_11:Magnet_727_1:0.00107803
Magnet_727_11:Magnet_729_0:0.00173418
Magnet_727_11:Magnet_727_0:0.00227814
Magnet_727_11:Magnet_728_1:0.00420164
Magnet_727_11:Magnet_728_3:0.011442
Magnet_727_11:Magnet_727_5:0.0192452
Magnet_727_11:Magnet_727_7:0.020843
Magnet_727_13:Magnet_713_9:0.000344996
Magnet_727_13:Magnet_727_2:0.00107803
Magnet_727_13:Magnet_729_1:0.00173418
Magnet_727_13:Magnet_727_0:0.0011956
Magnet_727_13:Magnet_728_0:0.0031191
Magnet_727_13:Magnet_728_2:0.0103594
Magnet_727_13:Magnet_727_3:0.0119572
Magnet_727_13:Magnet_727_4:0.0197605
Magnet_727_8:Magnet_727_1:6.32343e-05
Magnet_727_8:Magnet_727_2:-0.00582701
Magnet_727_8:Magnet_727_0:0.00357647
Magnet_727_8:Magnet_727_3:0.00205174
Magnet_727_8:Magnet_727_4:0.00138287
Magnet_727_8:Magnet_727_5:0.00202623
Magnet_727_8:Magnet_727_6:0.0100849
Magnet_727_8:Magnet_727_7:0.0107442
Magnet_703_18:Magnet_703_21:0.00607782
Magnet_703_18:Magnet_703_44:0.00799965
Magnet_703_18:Magnet_703_45:0.00826338
Magnet_703_18:Magnet_703_46:0.00891984
Magnet_703_18:Magnet_703_12:0.00107517
Magnet_703_70:Magnet_703_22:0.00780326
Magnet_703_70:Magnet_703_72:-8.1264e-05
Magnet_703_70:Magnet_703_25:0.00184057
Magnet_703_70:Magnet_703_2:0.00218556
Magnet_703_70:Magnet_703_3:0.00284171
Magnet_703_70:Magnet_703_60:0.00476522
Magnet_703_70:Magnet_703_65:0.0120055
Magnet_703_70:Magnet_726_16:0.0127386
Magnet_703_70:Magnet_726_8:0.0130106
Magnet_726_10:Magnet_726_2:-0.00474906
Magnet_726_10:Magnet_726_3:-0.00493577
Magnet_726_10:Magnet_726_14:0.00485997
Magnet_726_10:Magnet_726_19:0.0129187
Magnet_726_12:Magnet_726_11:0.000630724
Magnet_726_12:Magnet_726_23:-3.42356e-05
Magnet_726_12:Magnet_726_24:0.00887505
Magnet_726_12:Magnet_726_20:0.00958184
Magnet_726_12:Magnet_726_2:0.00506272
Magnet_726_12:Magnet_726_25:0.0140153
Magnet_726_12:Magnet_726_9:0.0158714
Magnet_726_18:Magnet_726_15:0.00192183
Magnet_726_18:Magnet_703_44:0.00226683
Magnet_726_18:Magnet_703_45:0.00383124
Magnet_726_18:Magnet_703_46:0.00448739
Magnet_726_18:Magnet_726_13:0.00533289
Magnet_726_18:Magnet_703_0:0.0131834
Magnet_726_18:Magnet_726_0:0.0136775
Magnet_726_18:Magnet_726_6:0.0200787
Magnet_726_19:Magnet_726_2:-0.00164386
Magnet_726_19:Magnet_726_3:-0.000917621
Magnet_726_19:Magnet_726_14:0.00115869
Magnet_726_19:Magnet_726_10:0.0104205
Magnet_726_1:Magnet_726_15:0.000630724
Magnet_726_1:Magnet_726_17:-3.42356e-05
Magnet_726_1:Magnet_726_4:0.00887505
Magnet_726_1:Magnet_726_13:0.00958184
Magnet_726_1:Magnet_726_3:0.00928239
Magnet_726_1:Magnet_726_0:0.0111385
Magnet_726_1:Magnet_726_26:0.020091
Magnet_726_21:Magnet_703_72:-0.000561318
Magnet_726_21:Magnet_726_17:0.00136051
Magnet_726_21:Magnet_703_78:0.00328402
Magnet_726_21:Magnet_726_13:0.00177928
Magnet_726_21:Magnet_703_27:0.00962981
Magnet_726_21:Magnet_726_0:0.00911698
Magnet_726_21:Magnet_726_7:0.0155182
Magnet_726_5:Magnet_703_66:0.000314691
Magnet_726_5:Magnet_726_23:0.00900315
Magnet_726_5:Magnet_703_29:0.0109411
Magnet_726_5:Magnet_703_43:0.0117075
Magnet_726_5:Magnet_726_20:0.00758222
Magnet_726_5:Magnet_726_22:0.0159368
Magnet_726_5:Magnet_726_25:0.0154668
Magnet_726_5:Magnet_726_9:0.0139414
Magnet_726_6:Magnet_726_15:0.00868846
Magnet_726_6:Magnet_703_45:0.00929209
Magnet_726_6:Magnet_703_46:0.00960678
Magnet_726_6:Magnet_726_13:0.00945466
Magnet_726_6:Magnet_703_0:0.011535
Magnet_726_6:Magnet_726_0:0.0121942
Magnet_726_6:Magnet_726_26:0.0126099
Magnet_726_6:Magnet_726_18:0.0209645
Magnet_726_7:Magnet_726_17:0.00868846
Magnet_726_7:Magnet_703_78:0.00945486
Magnet_726_7:Magnet_726_13:0.00532962
Magnet_726_7:Magnet_703_27:0.00740993
Magnet_726_7:Magnet_726_0:0.00588453
Magnet_726_7:Magnet_726_26:0.00541458
Magnet_726_7:Magnet_726_21:0.0137691
Magnet_726_8:Magnet_703_22:0.000766397
Magnet_726_8:Magnet_726_11:0.00945486
Magnet_726_8:Magnet_703_25:0.0115352
Magnet_726_8:Magnet_726_20:0.011383
Magnet_726_8:Magnet_726_16:0.0197376
Magnet_726_8:Magnet_726_25:0.0201533
Magnet_726_8:Magnet_726_9:0.0208126
Magnet_726_8:Magnet_703_70:0.0211666
Magnet_727_3:Magnet_727_2:0.00868846
Magnet_727_3:Magnet_727_0:0.00456322
Magnet_727_3:Magnet_728_0:0.00491727
Magnet_727_3:Magnet_728_2:0.00560756
Magnet_727_3:Magnet_727_13:0.00768786
Magnet_727_3:Magnet_727_8:0.00616246
Magnet_727_3:Magnet_727_4:0.014517
Magnet_727_3:Magnet_727_6:0.0140471
Magnet_727_4:Magnet_727_2:0.00192183
Magnet_727_4:Magnet_729_1:0.00222767
Magnet_727_4:Magnet_727_0:0.000722931
Magnet_727_4:Magnet_728_0:0.00145596
Magnet_727_4:Magnet_728_2:0.0032211
Magnet_727_4:Magnet_727_13:0.0110716
Magnet_727_4:Magnet_727_8:0.0105588
Magnet_727_4:Magnet_727_3:0.01696
Magnet_727_5:Magnet_727_1:0.00192183
Magnet_727_5:Magnet_729_0:0.00222767
Magnet_727_5:Magnet_727_0:0.00307316
Magnet_727_5:Magnet_728_1:0.00380619
Magnet_727_5:Magnet_728_3:0.00557133
Magnet_727_5:Magnet_727_11:0.0134219
Magnet_727_5:Magnet_727_8:0.013916
Magnet_727_5:Magnet_727_7:0.0203172
Magnet_727_6:Magnet_727_1:0.000900075
Magnet_727_6:Magnet_727_2:-0.000976756
Magnet_727_6:Magnet_727_0:0.00107499
Magnet_727_6:Magnet_727_8:0.0103368
Magnet_727_6:Magnet_727_3:0.00979648
Magnet_727_6:Magnet_727_7:0.0102754
Magnet_727_7:Magnet_727_1:0.00868846
Magnet_727_7:Magnet_727_0:0.00853634
Magnet_727_7:Magnet_728_1:0.00889039
Magnet_727_7:Magnet_728_3:0.00958068
Magnet_727_7:Magnet_727_11:0.011661
Magnet_727_7:Magnet_727_8:0.0123203
Magnet_727_7:Magnet_727_5:0.0206748
Magnet_727_7:Magnet_727_6:0.0210905
Magnet_703_38:Magnet_703_36:0.00190342
Magnet_703_38:Magnet_703_8:0.010573
Magnet_703_38:Magnet_703_2:0.0113461
Magnet_703_38:Magnet_703_3:0.0116652
Magnet_703_63:Magnet_703_75:0.00631713
Magnet_703_63:Magnet_703_11:0.00837929
Magnet_703_63:Magnet_703_12:0.00673161
Magnet_721:Magnet_713_9:0.00866962
Magnet_721:Magnet_729_1:0.010573
Magnet_721:Magnet_728_0:0.0113461
Magnet_721:Magnet_728_2:0.0116652
Magnet_722:Magnet_713_1:0.00866962
Magnet_722:Magnet_729_0:0.010573
Magnet_722:Magnet_728_1:0.0113461
Magnet_722:Magnet_728_3:0.0116652
